2020-10-10, 10:55:07   -----APP START-----


2020-10-10, 10:55:07   .1......Init.......begin Init .......
2020-10-10, 10:55:07   .1.1.....Init.......begin Init .......
2020-10-10, 10:55:07   .1......VerifyUserLicense..............
2020-10-10, 10:55:07   .3......VerifyUserLicense..............
2020-10-10, 10:55:07   .1......GetMyLockerID..............
2020-10-10, 10:55:07   .1......GetUserNumInLocker..............
2020-10-10, 10:55:07   .3......GetUserNumInLocker..............
2020-10-10, 10:55:07   .4.1.....GetUserNumInLocker..............
2020-10-10, 10:55:07   .2......GetMyLockerID..............
2020-10-10, 10:55:07   .3......GetMyLockerID..............
2020-10-10, 10:55:07   .3.1.....VerifyUserLicense..............
2020-10-10, 10:55:07   .4......VerifyUserLicense..............
2020-10-10, 10:55:07   Failed to find YimaEncBHW.lic
2020-10-10, 10:55:07   Failed to find YimaEncBH.lic
2020-10-10, 10:55:07   .1.2.....Init.......begin Init .......
2020-10-10, 10:55:07   .1.3.....Init.......begin Init .......
2020-10-10, 10:55:07   .1.4.....Init.......begin Init .......
2020-10-10, 10:55:07   .3......Init.......Read SymbolLib file .......
2020-10-10, 10:55:07   .4......Init.......Open MarineMap/SymbolLib .......
2020-10-10, 10:55:07   .5......Init.......Import MarineMap/SymbolLib .......
2020-10-10, 10:55:07   .6......Init.......Read S57Lib/S57Attributes file .......
2020-10-10, 10:55:07   .7......Init.......Read S57Lib/S57ObjectClasses file .......
2020-10-10, 10:55:07   .8......Init.......Read S57Lib/S57Colours file .......
2020-10-10, 10:55:07   .9......Init.......Read S57Lib/S57Symbols file .......
2020-10-10, 10:55:08   .10......Init.......Read S57Lib/S57Patterns file .......
2020-10-10, 10:55:08   .11......Init.......Read S57Lib/S57ComplexLineStyles file .......
2020-10-10, 10:55:08   .12......Init.......Read S57Lib/S57LookupTable file .......
2020-10-10, 10:55:08   .13......Init.......begin ImportlookupEntriesFromConfigureFile .......
2020-10-10, 10:55:08   .14......Init.......begin InitializeMapParams .......
2020-10-10, 10:55:08   .15......Init.......begin InitGlobalVars .......
2020-10-10, 10:55:08   .16......Init.......begin CreateLayerStructuresFromClasses .......
2020-10-10, 10:55:08   .17......Init.......begin InitializeEncMapDrawerAndLayerStyles .......
2020-10-10, 10:55:08   NEWOBJ01
2020-10-10, 10:55:08   CENCMap::SetObjClassGeoStyleFromInstruct	 Error! Invalid complex lineStyle name!
2020-10-10, 10:55:08   DGPS01
2020-10-10, 10:55:08   DGPS01
2020-10-10, 10:55:08   .18......Init.......begin InitializeMapParams .......
2020-10-10, 10:55:08   绘制池不足，建立新绘制器： 1
2020-10-10, 10:55:08   .19......Init.......Read MarineMap/Layers .......
2020-10-10, 10:55:08   .21......Init.......Append marineMap  .......
2020-10-10, 10:55:08   .22......Init.......Read Tbl file  .......
2020-10-10, 10:55:08   .23......Init.......Import Tbl file  .......
2020-10-10, 10:55:08   .25......Init.......Read Other File .......
2020-10-10, 10:55:08   .26......Init Success.......End Init .......
2020-10-10, 10:55:08   --CDrawerPool::ReInitPool----brgin------
2020-10-10, 10:55:08   --CDrawerPool::ReInitPool-----end-----
2020-10-10, 10:55:08   CSSMap::SetCurrentScale	 exceed max scale causing overflew!
2020-10-10, 10:55:08   CSSMap::SetCurrentScale	 exceed max scale causing overflew!
2020-10-10, 10:55:08   CSSMap::SetCurrentScale	 exceed max scale causing overflew!
2020-10-10, 10:55:08   Begin OpenMap C:/Qt/000_C11-12/C1100102.000
2020-10-10, 10:55:09   ----------A NEW ENC JOIN---------


2020-10-10, 10:55:09   .1......Init.......begin Init .......
2020-10-10, 10:55:09   .1.1.....Init.......begin Init .......
2020-10-10, 10:55:09   .1......VerifyUserLicense..............
2020-10-10, 10:55:09   .3......VerifyUserLicense..............
2020-10-10, 10:55:09   .1......GetMyLockerID..............
2020-10-10, 10:55:09   .1......GetUserNumInLocker..............
2020-10-10, 10:55:09   .3......GetUserNumInLocker..............
2020-10-10, 10:55:09   .4.1.....GetUserNumInLocker..............
2020-10-10, 10:55:09   .2......GetMyLockerID..............
2020-10-10, 10:55:09   .3......GetMyLockerID..............
2020-10-10, 10:55:09   .3.1.....VerifyUserLicense..............
2020-10-10, 10:55:09   .4......VerifyUserLicense..............
2020-10-10, 10:55:09   Failed to find YimaEncBHW.lic
2020-10-10, 10:55:09   Failed to find YimaEncBH.lic
2020-10-10, 10:55:09   .1.2.....Init.......begin Init .......
2020-10-10, 10:55:09   .1.3.....Init.......begin Init .......
2020-10-10, 10:55:09   .1.4.....Init.......begin Init .......
2020-10-10, 10:55:09   .3......Init.......Read SymbolLib file .......
2020-10-10, 10:55:09   .4......Init.......Open MarineMap/SymbolLib .......
2020-10-10, 10:55:09   .5......Init.......Import MarineMap/SymbolLib .......
2020-10-10, 10:55:09   .6......Init.......Read S57Lib/S57Attributes file .......
2020-10-10, 10:55:09   .7......Init.......Read S57Lib/S57ObjectClasses file .......
2020-10-10, 10:55:10   .8......Init.......Read S57Lib/S57Colours file .......
2020-10-10, 10:55:10   .9......Init.......Read S57Lib/S57Symbols file .......
2020-10-10, 10:55:10   .10......Init.......Read S57Lib/S57Patterns file .......
2020-10-10, 10:55:10   .11......Init.......Read S57Lib/S57ComplexLineStyles file .......
2020-10-10, 10:55:10   .12......Init.......Read S57Lib/S57LookupTable file .......
2020-10-10, 10:55:10   .13......Init.......begin ImportlookupEntriesFromConfigureFile .......
2020-10-10, 10:55:10   .14......Init.......begin InitializeMapParams .......
2020-10-10, 10:55:10   .15......Init.......begin InitGlobalVars .......
2020-10-10, 10:55:10   .16......Init.......begin CreateLayerStructuresFromClasses .......
2020-10-10, 10:55:10   .17......Init.......begin InitializeEncMapDrawerAndLayerStyles .......
2020-10-10, 10:55:10   NEWOBJ01
2020-10-10, 10:55:10   CENCMap::SetObjClassGeoStyleFromInstruct	 Error! Invalid complex lineStyle name!
2020-10-10, 10:55:10   DGPS01
2020-10-10, 10:55:10   DGPS01
2020-10-10, 10:55:10   .18......Init.......begin InitializeMapParams .......
2020-10-10, 10:55:10   绘制池不足，建立新绘制器： 1
2020-10-10, 10:55:10   .19......Init.......Read MarineMap/Layers .......
2020-10-10, 10:55:10   .21......Init.......Append marineMap  .......
2020-10-10, 10:55:10   .22......Init.......Read Tbl file  .......
2020-10-10, 10:55:10   .23......Init.......Import Tbl file  .......
2020-10-10, 10:55:10   .25......Init.......Read Other File .......
2020-10-10, 10:55:10   .26......Init Success.......End Init .......
2020-10-10, 10:55:10   --CDrawerPool::ReInitPool----brgin------
2020-10-10, 10:55:10   --CDrawerPool::ReInitPool-----end-----
2020-10-10, 10:55:10   	 RefreshGeoObjectStyleParam(M_GEO_OBJ_POS geoObjectPos) == -1, layer num is 4, objNum is 0
2020-10-10, 10:55:10   	 RefreshGeoObjectStyleParam(M_GEO_OBJ_POS geoObjectPos) == -1, layer num is 5, objNum is 0
2020-10-10, 10:55:10   	 RefreshGeoObjectStyleParam(M_GEO_OBJ_POS geoObjectPos) == -1, layer num is 6, objNum is 0
